<?xml version="1.0" encoding="UTF-8"?>
<testsuite xmlns:xsi="http://www.w3.org/2001/XMLSchema-instance" xsi:noNamespaceSchemaLocation="https://maven.apache.org/surefire/maven-surefire-plugin/xsd/surefire-test-report.xsd" version="3.0.2" name="com.example.bankcards.service.impl.CardServiceImplTest" time="9.308" tests="8" errors="0" skipped="0" failures="0">
  <properties>
[...]
</properties>
  <testcase name="shouldNotDeleteIfThereIsMoney" classname="com.example.bankcards.service.impl.CardServiceImplTest" time="8.346">
    <system-err><![CDATA[Mockito is currently self-attaching to enable the inline-mock-maker. This will no longer work in future releases of the JDK. Please add Mockito as an agent to your build what is described in Mockito's documentation: https://javadoc.io/doc/org.mockito/mockito-core/latest/org/mockito/Mockito.html#0.3
WARNING: A Java agent has been loaded dynamically (C:\Users\ivank\.m2\repository\net\bytebuddy\byte-buddy-agent\1.15.11\byte-buddy-agent-1.15.11.jar)
WARNING: If a serviceability tool is in use, please run with -XX:+EnableDynamicAgentLoading to hide this warning
WARNING: If a serviceability tool is not in use, please run with -Djdk.instrument.traceUsage for more information
WARNING: Dynamic loading of agents will be disallowed by default in a future release
]]></system-err>
  </testcase>
  <testcase name="shouldThrowIfCardBlocked" classname="com.example.bankcards.service.impl.CardServiceImplTest" time="0.309"/>
  <testcase name="shouldUpdateCardStatus" classname="com.example.bankcards.service.impl.CardServiceImplTest" time="0.097"/>
  <testcase name="shouldThrowIfNotEnoughMoney" classname="com.example.bankcards.service.impl.CardServiceImplTest" time="0.084"/>
  <testcase name="shouldTransferMoney" classname="com.example.bankcards.service.impl.CardServiceImplTest" time="0.036"/>
  <testcase name="createCard" classname="com.example.bankcards.service.impl.CardServiceImplTest" time="0.154"/>
  <testcase name="shouldApproveBlockRequest" classname="com.example.bankcards.service.impl.CardServiceImplTest" time="0.092"/>
  <testcase name="shouldCreateBlockRequest" classname="com.example.bankcards.service.impl.CardServiceImplTest" time="0.03"/>
</testsuite>